Arguments: 
  C:\Program Files\nodejs\node.exe C:\Users\JC\AppData\Roaming\npm\node_modules\yarn\bin\yarn.js init

PATH: 
  C:\Program Files (x86)\Common Files\Oracle\Java\javapath;C:\Program Files\Haskell\bin;C:\Program Files\Haskell Platform\8.6.5\lib\extralibs\bin;C:\Program Files\Haskell Platform\8.6.5\bin;C:\Windows\system32;C:\Windows;C:\Windows\System32\Wbem;C:\Windows\System32\WindowsPowerShell\v1.0\;C:\Program Files\nodejs\;C:\Program Files\Git\cmd;C:\Program Files\Haskell Platform\8.6.5\mingw\bin;C:\Program Files\erl10.3\bin;C:\Program Files (x86)\Elixir\bin;C:\Windows\system32\config\systemprofile\.mix\escripts;C:\SQLite;C:\Users\JC\AppData\Roaming\npm;C:\emacs\bin\emacs-25.3;C:\ProgramData\chocolatey\bin;C:\Program Files (x86)\Oni;c:\Program Files (x86)\Microsoft SQL Server\110\Tools\Binn\;c:\Program Files\Microsoft SQL Server\110\Tools\Binn\;c:\Program Files\Microsoft SQL Server\110\DTS\Binn\;C:\Program Files (x86)\Microsoft SQL Server\150\DTS\Binn\;C:\Users\JC\AppData\Roaming\npm;C:\Program Files (x86)\Oni

Yarn version: 
  1.17.3

Node version: 
  10.16.3

Platform: 
  win32 x64

Trace: 
  Error: canceled
      at Interface.<anonymous> (C:\Users\JC\AppData\Roaming\npm\node_modules\yarn\lib\cli.js:136724:13)
      at Interface.emit (events.js:198:13)
      at Interface._ttyWrite (readline.js:801:16)
      at ReadStream.onkeypress (readline.js:184:10)
      at ReadStream.emit (events.js:198:13)
      at emitKeys (internal/readline.js:424:14)
      at emitKeys.next (<anonymous>)
      at ReadStream.onData (readline.js:1075:36)
      at ReadStream.emit (events.js:198:13)
      at addChunk (_stream_readable.js:288:12)

npm manifest: 
  No manifest

yarn manifest: 
  No manifest

Lockfile: 
  No lockfile
